[0.831s] Invoking command in '/home/student/AdR/ros2Marcos_ws/p2_kf_adr': PYTHONPATH=/home/student/AdR/ros2Marcos_ws/p2_kf_adr/build/p2_kf_adr/prefix_override:/usr/lib/python3/dist-packages/colcon_core/task/python/colcon_distutils_commands:/home/student/AdR/ros2Marcos_ws/p2_kf_adr/install/p2_kf_adr/lib/python3.10/site-packages:${PYTHONPATH} /usr/bin/python3 -W ignore:setup.py install is deprecated -W ignore:easy_install command is deprecated setup.py egg_info --egg-base build/p2_kf_adr build --build-base /home/student/AdR/ros2Marcos_ws/p2_kf_adr/build/p2_kf_adr/build install --record /home/student/AdR/ros2Marcos_ws/p2_kf_adr/build/p2_kf_adr/install.log --single-version-externally-managed install_data
[1.048s] running egg_info
[1.049s] creating build/p2_kf_adr/p2_kf_adr.egg-info
[1.049s] writing build/p2_kf_adr/p2_kf_adr.egg-info/PKG-INFO
[1.050s] writing dependency_links to build/p2_kf_adr/p2_kf_adr.egg-info/dependency_links.txt
[1.050s] writing entry points to build/p2_kf_adr/p2_kf_adr.egg-info/entry_points.txt
[1.050s] writing requirements to build/p2_kf_adr/p2_kf_adr.egg-info/requires.txt
[1.050s] writing top-level names to build/p2_kf_adr/p2_kf_adr.egg-info/top_level.txt
[1.051s] writing manifest file 'build/p2_kf_adr/p2_kf_adr.egg-info/SOURCES.txt'
[1.053s] reading manifest file 'build/p2_kf_adr/p2_kf_adr.egg-info/SOURCES.txt'
[1.053s] writing manifest file 'build/p2_kf_adr/p2_kf_adr.egg-info/SOURCES.txt'
[1.054s] running build
[1.054s] running build_py
[1.054s] creating /home/student/AdR/ros2Marcos_ws/p2_kf_adr/build/p2_kf_adr/build
[1.054s] creating /home/student/AdR/ros2Marcos_ws/p2_kf_adr/build/p2_kf_adr/build/lib
[1.055s] creating /home/student/AdR/ros2Marcos_ws/p2_kf_adr/build/p2_kf_adr/build/lib/p2_kf_adr
[1.055s] copying p2_kf_adr/kf_estimation.py -> /home/student/AdR/ros2Marcos_ws/p2_kf_adr/build/p2_kf_adr/build/lib/p2_kf_adr
[1.056s] copying p2_kf_adr/kf_estimation_vel.py -> /home/student/AdR/ros2Marcos_ws/p2_kf_adr/build/p2_kf_adr/build/lib/p2_kf_adr
[1.056s] copying p2_kf_adr/sensor_utils.py -> /home/student/AdR/ros2Marcos_ws/p2_kf_adr/build/p2_kf_adr/build/lib/p2_kf_adr
[1.056s] copying p2_kf_adr/motion_models.py -> /home/student/AdR/ros2Marcos_ws/p2_kf_adr/build/p2_kf_adr/build/lib/p2_kf_adr
[1.056s] copying p2_kf_adr/__init__.py -> /home/student/AdR/ros2Marcos_ws/p2_kf_adr/build/p2_kf_adr/build/lib/p2_kf_adr
[1.056s] copying p2_kf_adr/observation_models.py -> /home/student/AdR/ros2Marcos_ws/p2_kf_adr/build/p2_kf_adr/build/lib/p2_kf_adr
[1.056s] copying p2_kf_adr/visualization.py -> /home/student/AdR/ros2Marcos_ws/p2_kf_adr/build/p2_kf_adr/build/lib/p2_kf_adr
[1.057s] creating /home/student/AdR/ros2Marcos_ws/p2_kf_adr/build/p2_kf_adr/build/lib/p2_kf_adr/filters
[1.057s] copying p2_kf_adr/filters/kalman_filter.py -> /home/student/AdR/ros2Marcos_ws/p2_kf_adr/build/p2_kf_adr/build/lib/p2_kf_adr/filters
[1.057s] copying p2_kf_adr/filters/__init__.py -> /home/student/AdR/ros2Marcos_ws/p2_kf_adr/build/p2_kf_adr/build/lib/p2_kf_adr/filters
[1.057s] running install
[1.058s] running install_lib
[1.058s] creating /home/student/AdR/ros2Marcos_ws/p2_kf_adr/install/p2_kf_adr/lib/python3.10/site-packages/p2_kf_adr
[1.059s] copying /home/student/AdR/ros2Marcos_ws/p2_kf_adr/build/p2_kf_adr/build/lib/p2_kf_adr/kf_estimation.py -> /home/student/AdR/ros2Marcos_ws/p2_kf_adr/install/p2_kf_adr/lib/python3.10/site-packages/p2_kf_adr
[1.060s] creating /home/student/AdR/ros2Marcos_ws/p2_kf_adr/install/p2_kf_adr/lib/python3.10/site-packages/p2_kf_adr/filters
[1.060s] copying /home/student/AdR/ros2Marcos_ws/p2_kf_adr/build/p2_kf_adr/build/lib/p2_kf_adr/filters/kalman_filter.py -> /home/student/AdR/ros2Marcos_ws/p2_kf_adr/install/p2_kf_adr/lib/python3.10/site-packages/p2_kf_adr/filters
[1.060s] copying /home/student/AdR/ros2Marcos_ws/p2_kf_adr/build/p2_kf_adr/build/lib/p2_kf_adr/filters/__init__.py -> /home/student/AdR/ros2Marcos_ws/p2_kf_adr/install/p2_kf_adr/lib/python3.10/site-packages/p2_kf_adr/filters
[1.060s] copying /home/student/AdR/ros2Marcos_ws/p2_kf_adr/build/p2_kf_adr/build/lib/p2_kf_adr/kf_estimation_vel.py -> /home/student/AdR/ros2Marcos_ws/p2_kf_adr/install/p2_kf_adr/lib/python3.10/site-packages/p2_kf_adr
[1.061s] copying /home/student/AdR/ros2Marcos_ws/p2_kf_adr/build/p2_kf_adr/build/lib/p2_kf_adr/sensor_utils.py -> /home/student/AdR/ros2Marcos_ws/p2_kf_adr/install/p2_kf_adr/lib/python3.10/site-packages/p2_kf_adr
[1.061s] copying /home/student/AdR/ros2Marcos_ws/p2_kf_adr/build/p2_kf_adr/build/lib/p2_kf_adr/motion_models.py -> /home/student/AdR/ros2Marcos_ws/p2_kf_adr/install/p2_kf_adr/lib/python3.10/site-packages/p2_kf_adr
[1.061s] copying /home/student/AdR/ros2Marcos_ws/p2_kf_adr/build/p2_kf_adr/build/lib/p2_kf_adr/__init__.py -> /home/student/AdR/ros2Marcos_ws/p2_kf_adr/install/p2_kf_adr/lib/python3.10/site-packages/p2_kf_adr
[1.061s] copying /home/student/AdR/ros2Marcos_ws/p2_kf_adr/build/p2_kf_adr/build/lib/p2_kf_adr/observation_models.py -> /home/student/AdR/ros2Marcos_ws/p2_kf_adr/install/p2_kf_adr/lib/python3.10/site-packages/p2_kf_adr
[1.061s] copying /home/student/AdR/ros2Marcos_ws/p2_kf_adr/build/p2_kf_adr/build/lib/p2_kf_adr/visualization.py -> /home/student/AdR/ros2Marcos_ws/p2_kf_adr/install/p2_kf_adr/lib/python3.10/site-packages/p2_kf_adr
[1.061s] byte-compiling /home/student/AdR/ros2Marcos_ws/p2_kf_adr/install/p2_kf_adr/lib/python3.10/site-packages/p2_kf_adr/kf_estimation.py to kf_estimation.cpython-310.pyc
[1.062s] byte-compiling /home/student/AdR/ros2Marcos_ws/p2_kf_adr/install/p2_kf_adr/lib/python3.10/site-packages/p2_kf_adr/filters/kalman_filter.py to kalman_filter.cpython-310.pyc
[1.063s] byte-compiling /home/student/AdR/ros2Marcos_ws/p2_kf_adr/install/p2_kf_adr/lib/python3.10/site-packages/p2_kf_adr/filters/__init__.py to __init__.cpython-310.pyc
[1.063s] byte-compiling /home/student/AdR/ros2Marcos_ws/p2_kf_adr/install/p2_kf_adr/lib/python3.10/site-packages/p2_kf_adr/kf_estimation_vel.py to kf_estimation_vel.cpython-310.pyc
[1.064s] byte-compiling /home/student/AdR/ros2Marcos_ws/p2_kf_adr/install/p2_kf_adr/lib/python3.10/site-packages/p2_kf_adr/sensor_utils.py to sensor_utils.cpython-310.pyc
[1.065s] byte-compiling /home/student/AdR/ros2Marcos_ws/p2_kf_adr/install/p2_kf_adr/lib/python3.10/site-packages/p2_kf_adr/motion_models.py to motion_models.cpython-310.pyc
[1.065s] byte-compiling /home/student/AdR/ros2Marcos_ws/p2_kf_adr/install/p2_kf_adr/lib/python3.10/site-packages/p2_kf_adr/__init__.py to __init__.cpython-310.pyc
[1.065s] byte-compiling /home/student/AdR/ros2Marcos_ws/p2_kf_adr/install/p2_kf_adr/lib/python3.10/site-packages/p2_kf_adr/observation_models.py to observation_models.cpython-310.pyc
[1.065s] byte-compiling /home/student/AdR/ros2Marcos_ws/p2_kf_adr/install/p2_kf_adr/lib/python3.10/site-packages/p2_kf_adr/visualization.py to visualization.cpython-310.pyc
[1.066s] running install_data
[1.066s] creating /home/student/AdR/ros2Marcos_ws/p2_kf_adr/install/p2_kf_adr/share/ament_index
[1.066s] creating /home/student/AdR/ros2Marcos_ws/p2_kf_adr/install/p2_kf_adr/share/ament_index/resource_index
[1.067s] creating /home/student/AdR/ros2Marcos_ws/p2_kf_adr/install/p2_kf_adr/share/ament_index/resource_index/packages
[1.067s] copying resource/p2_kf_adr -> /home/student/AdR/ros2Marcos_ws/p2_kf_adr/install/p2_kf_adr/share/ament_index/resource_index/packages
[1.067s] copying package.xml -> /home/student/AdR/ros2Marcos_ws/p2_kf_adr/install/p2_kf_adr/share/p2_kf_adr
[1.067s] running install_egg_info
[1.069s] Copying build/p2_kf_adr/p2_kf_adr.egg-info to /home/student/AdR/ros2Marcos_ws/p2_kf_adr/install/p2_kf_adr/lib/python3.10/site-packages/p2_kf_adr-0.0.0-py3.10.egg-info
[1.071s] running install_scripts
[1.096s] Installing kf_estimation script to /home/student/AdR/ros2Marcos_ws/p2_kf_adr/install/p2_kf_adr/lib/p2_kf_adr
[1.096s] Installing kf_estimation_vel script to /home/student/AdR/ros2Marcos_ws/p2_kf_adr/install/p2_kf_adr/lib/p2_kf_adr
[1.097s] writing list of installed files to '/home/student/AdR/ros2Marcos_ws/p2_kf_adr/build/p2_kf_adr/install.log'
[1.129s] Invoked command in '/home/student/AdR/ros2Marcos_ws/p2_kf_adr' returned '0': PYTHONPATH=/home/student/AdR/ros2Marcos_ws/p2_kf_adr/build/p2_kf_adr/prefix_override:/usr/lib/python3/dist-packages/colcon_core/task/python/colcon_distutils_commands:/home/student/AdR/ros2Marcos_ws/p2_kf_adr/install/p2_kf_adr/lib/python3.10/site-packages:${PYTHONPATH} /usr/bin/python3 -W ignore:setup.py install is deprecated -W ignore:easy_install command is deprecated setup.py egg_info --egg-base build/p2_kf_adr build --build-base /home/student/AdR/ros2Marcos_ws/p2_kf_adr/build/p2_kf_adr/build install --record /home/student/AdR/ros2Marcos_ws/p2_kf_adr/build/p2_kf_adr/install.log --single-version-externally-managed install_data
